<?xml version="1.0" encoding="UTF-8"?>
<!-- Generated by org.testng.reporters.JUnitXMLReporter -->
<testsuite ignored="0" hostname="DESKTOP-U704183" failures="0" tests="5" name="Default test" time="41.964" errors="0" timestamp="2024-01-01T16:17:28 PST">
  <testcase classname="Final.AutomationStore" name="SignupTest" time="9.396"/>
  <testcase classname="Final.AutomationStore" name="LogInTest" time="1.488"/>
  <testcase classname="Final.AutomationStore" name="AddToCart" time="21.936"/>
  <testcase classname="Final.AutomationStore" name="TheSumOfAllItems" time="1.27"/>
  <testcase classname="Final.AutomationStore" name="Checkoutprocess" time="2.545"/>
</testsuite> <!-- Default test -->
