<?xml version="1.0" encoding="UTF-8"?>
<testng-results ignored="0" total="5" passed="5" failed="0" skipped="0">
  <reporter-output>
  </reporter-output>
  <suite started-at="2024-01-01T16:16:46 PST" name="Default suite" finished-at="2024-01-01T16:17:28 PST" duration-ms="41964">
    <groups>
    </groups>
    <test started-at="2024-01-01T16:16:46 PST" name="Default test" finished-at="2024-01-01T16:17:28 PST" duration-ms="41964">
      <class name="Final.AutomationStore">
        <test-method is-config="true" signature="myBeforeTest()[pri:0, instance:Final.AutomationStore@7b64240d]" started-at="2024-01-01T16:16:46 PST" name="myBeforeTest" finished-at="2024-01-01T16:16:51 PST" duration-ms="5228" status="PASS">
          <reporter-output>
          </reporter-output>
        </test-method> <!-- myBeforeTest -->
        <test-method signature="SignupTest()[pri:1, instance:Final.AutomationStore@7b64240d]" started-at="2024-01-01T16:16:51 PST" name="SignupTest" finished-at="2024-01-01T16:17:00 PST" duration-ms="9396" status="PASS">
          <reporter-output>
          </reporter-output>
        </test-method> <!-- SignupTest -->
        <test-method signature="LogInTest()[pri:2, instance:Final.AutomationStore@7b64240d]" started-at="2024-01-01T16:17:01 PST" name="LogInTest" finished-at="2024-01-01T16:17:02 PST" duration-ms="1488" status="PASS">
          <reporter-output>
          </reporter-output>
        </test-method> <!-- LogInTest -->
        <test-method signature="AddToCart()[pri:3, instance:Final.AutomationStore@7b64240d]" started-at="2024-01-01T16:17:02 PST" name="AddToCart" finished-at="2024-01-01T16:17:24 PST" duration-ms="21936" status="PASS">
          <reporter-output>
          </reporter-output>
        </test-method> <!-- AddToCart -->
        <test-method signature="TheSumOfAllItems()[pri:4, instance:Final.AutomationStore@7b64240d]" started-at="2024-01-01T16:17:24 PST" name="TheSumOfAllItems" finished-at="2024-01-01T16:17:25 PST" duration-ms="1270" status="PASS">
          <reporter-output>
          </reporter-output>
        </test-method> <!-- TheSumOfAllItems -->
        <test-method signature="Checkoutprocess()[pri:5, instance:Final.AutomationStore@7b64240d]" started-at="2024-01-01T16:17:25 PST" name="Checkoutprocess" finished-at="2024-01-01T16:17:28 PST" duration-ms="2545" status="PASS">
          <reporter-output>
          </reporter-output>
        </test-method> <!-- Checkoutprocess -->
        <test-method is-config="true" signature="myAfterTest()[pri:0, instance:Final.AutomationStore@7b64240d]" started-at="2024-01-01T16:17:28 PST" name="myAfterTest" finished-at="2024-01-01T16:17:28 PST" duration-ms="0" status="PASS">
          <reporter-output>
          </reporter-output>
        </test-method> <!-- myAfterTest -->
      </class> <!-- Final.AutomationStore -->
    </test> <!-- Default test -->
  </suite> <!-- Default suite -->
</testng-results>
